<?xml version="1.0" encoding="UTF-8"?>
<testng-results ignored="0" total="1" passed="1" failed="0" skipped="0">
  <reporter-output>
  </reporter-output>
  <suite started-at="2025-02-03T12:32:48 IST" name="Default suite" finished-at="2025-02-03T12:33:03 IST" duration-ms="14756">
    <groups>
    </groups>
    <test started-at="2025-02-03T12:32:48 IST" name="Default test" finished-at="2025-02-03T12:33:03 IST" duration-ms="14756">
      <class name="austin.testCases.InvestigatorLogin">
        <test-method is-config="true" signature="setup()[pri:0, instance:austin.testCases.InvestigatorLogin@66ce957f]" started-at="2025-02-03T12:32:48 IST" name="setup" finished-at="2025-02-03T12:32:56 IST" duration-ms="8140" status="PASS">
          <reporter-output>
          </reporter-output>
        </test-method> <!-- setup -->
        <test-method signature="login()[pri:0, instance:austin.testCases.InvestigatorLogin@66ce957f]" started-at="2025-02-03T12:32:56 IST" name="login" finished-at="2025-02-03T12:33:01 IST" duration-ms="4538" status="PASS">
          <reporter-output>
          </reporter-output>
        </test-method> <!-- login -->
        <test-method is-config="true" signature="teardown()[pri:0, instance:austin.testCases.InvestigatorLogin@66ce957f]" started-at="2025-02-03T12:33:01 IST" name="teardown" finished-at="2025-02-03T12:33:03 IST" duration-ms="2022" status="PASS">
          <reporter-output>
          </reporter-output>
        </test-method> <!-- teardown -->
      </class> <!-- austin.testCases.InvestigatorLogin -->
    </test> <!-- Default test -->
  </suite> <!-- Default suite -->
</testng-results>
