<?xml version="1.0" encoding="UTF-8"?>
<testng-results ignored="0" total="1" passed="1" failed="0" skipped="0">
  <reporter-output>
  </reporter-output>
  <suite started-at="2025-01-30T21:15:05 IST" name="Default suite" finished-at="2025-01-30T21:15:22 IST" duration-ms="17008">
    <groups>
    </groups>
    <test started-at="2025-01-30T21:15:05 IST" name="Default test" finished-at="2025-01-30T21:15:22 IST" duration-ms="17008">
      <class name="austin.testCases.ResearchLogin">
        <test-method is-config="true" signature="setup()[pri:0, instance:austin.testCases.ResearchLogin@4d5b6aac]" started-at="2025-01-30T21:15:05 IST" name="setup" finished-at="2025-01-30T21:15:11 IST" duration-ms="6256" status="PASS">
          <reporter-output>
          </reporter-output>
        </test-method> <!-- setup -->
        <test-method signature="researchLogin()[pri:0, instance:austin.testCases.ResearchLogin@4d5b6aac]" started-at="2025-01-30T21:15:11 IST" name="researchLogin" finished-at="2025-01-30T21:15:22 IST" duration-ms="10322" status="PASS">
          <reporter-output>
          </reporter-output>
        </test-method> <!-- researchLogin -->
        <test-method is-config="true" signature="teardown()[pri:0, instance:austin.testCases.ResearchLogin@4d5b6aac]" started-at="2025-01-30T21:15:22 IST" name="teardown" finished-at="2025-01-30T21:15:22 IST" duration-ms="385" status="PASS">
          <reporter-output>
          </reporter-output>
        </test-method> <!-- teardown -->
      </class> <!-- austin.testCases.ResearchLogin -->
    </test> <!-- Default test -->
  </suite> <!-- Default suite -->
</testng-results>
