<?xml version="1.0" encoding="UTF-8"?>
<!-- Generated by org.testng.reporters.JUnitXMLReporter -->
<testsuite ignored="0" hostname="DESKTOP-2FNFCHB" failures="0" tests="5" name="Test" time="65.029" errors="0" timestamp="2025-02-03T18:36:27 IST">
  <testcase classname="austin.testCases.InvestigatorLogin" name="login" time="4.194"/>
  <testcase classname="austin.testCases.GrcLogin" name="grcLogin" time="4.144"/>
  <testcase classname="austin.testCases.AdminLogin" name="adminLogin" time="11.166"/>
  <testcase classname="austin.testCases.InitiatorLogin" name="login" time="4.097"/>
  <testcase classname="austin.testCases.ResearchLogin" name="researchLogin" time="4.069"/>
</testsuite> <!-- Test -->
