<?xml version="1.0" encoding="UTF-8"?>
<testng-results ignored="0" total="5" passed="5" failed="0" skipped="0">
  <reporter-output>
  </reporter-output>
  <suite started-at="2025-02-03T18:35:22 IST" name="Suite" finished-at="2025-02-03T18:36:27 IST" duration-ms="65029">
    <groups>
    </groups>
    <test started-at="2025-02-03T18:35:22 IST" name="Test" finished-at="2025-02-03T18:36:27 IST" duration-ms="65029">
      <class name="austin.testCases.AdminLogin">
        <test-method is-config="true" signature="setup()[pri:0, instance:austin.testCases.AdminLogin@73eb439a]" started-at="2025-02-03T18:35:45 IST" name="setup" finished-at="2025-02-03T18:35:52 IST" duration-ms="6480" status="PASS">
          <reporter-output>
          </reporter-output>
        </test-method> <!-- setup -->
        <test-method signature="adminLogin()[pri:0, instance:austin.testCases.AdminLogin@73eb439a]" started-at="2025-02-03T18:35:52 IST" name="adminLogin" finished-at="2025-02-03T18:36:03 IST" duration-ms="11166" status="PASS">
          <reporter-output>
          </reporter-output>
        </test-method> <!-- adminLogin -->
        <test-method is-config="true" signature="teardown()[pri:0, instance:austin.testCases.AdminLogin@73eb439a]" started-at="2025-02-03T18:36:03 IST" name="teardown" finished-at="2025-02-03T18:36:03 IST" duration-ms="347" status="PASS">
          <reporter-output>
          </reporter-output>
        </test-method> <!-- teardown -->
      </class> <!-- austin.testCases.AdminLogin -->
      <class name="austin.testCases.InitiatorLogin">
        <test-method is-config="true" signature="setup()[pri:0, instance:austin.testCases.InitiatorLogin@514646ef]" started-at="2025-02-03T18:36:03 IST" name="setup" finished-at="2025-02-03T18:36:09 IST" duration-ms="6014" status="PASS">
          <reporter-output>
          </reporter-output>
        </test-method> <!-- setup -->
        <test-method signature="login()[pri:0, instance:austin.testCases.InitiatorLogin@514646ef]" started-at="2025-02-03T18:36:09 IST" name="login" finished-at="2025-02-03T18:36:13 IST" duration-ms="4097" status="PASS">
          <reporter-output>
          </reporter-output>
        </test-method> <!-- login -->
        <test-method is-config="true" signature="teardown()[pri:0, instance:austin.testCases.InitiatorLogin@514646ef]" started-at="2025-02-03T18:36:13 IST" name="teardown" finished-at="2025-02-03T18:36:15 IST" duration-ms="1419" status="PASS">
          <reporter-output>
          </reporter-output>
        </test-method> <!-- teardown -->
      </class> <!-- austin.testCases.InitiatorLogin -->
      <class name="austin.testCases.ResearchLogin">
        <test-method is-config="true" signature="setup()[pri:0, instance:austin.testCases.ResearchLogin@305ffe9e]" started-at="2025-02-03T18:36:15 IST" name="setup" finished-at="2025-02-03T18:36:21 IST" duration-ms="6279" status="PASS">
          <reporter-output>
          </reporter-output>
        </test-method> <!-- setup -->
        <test-method signature="researchLogin()[pri:0, instance:austin.testCases.ResearchLogin@305ffe9e]" started-at="2025-02-03T18:36:21 IST" name="researchLogin" finished-at="2025-02-03T18:36:25 IST" duration-ms="4069" status="PASS">
          <reporter-output>
          </reporter-output>
        </test-method> <!-- researchLogin -->
        <test-method is-config="true" signature="teardown()[pri:0, instance:austin.testCases.ResearchLogin@305ffe9e]" started-at="2025-02-03T18:36:25 IST" name="teardown" finished-at="2025-02-03T18:36:27 IST" duration-ms="1441" status="PASS">
          <reporter-output>
          </reporter-output>
        </test-method> <!-- teardown -->
      </class> <!-- austin.testCases.ResearchLogin -->
      <class name="austin.testCases.GrcLogin">
        <test-method is-config="true" signature="setup()[pri:0, instance:austin.testCases.GrcLogin@19932c16]" started-at="2025-02-03T18:35:34 IST" name="setup" finished-at="2025-02-03T18:35:40 IST" duration-ms="6145" status="PASS">
          <reporter-output>
          </reporter-output>
        </test-method> <!-- setup -->
        <test-method signature="grcLogin()[pri:0, instance:austin.testCases.GrcLogin@19932c16]" started-at="2025-02-03T18:35:40 IST" name="grcLogin" finished-at="2025-02-03T18:35:44 IST" duration-ms="4144" status="PASS">
          <reporter-output>
          </reporter-output>
        </test-method> <!-- grcLogin -->
        <test-method is-config="true" signature="teardown()[pri:0, instance:austin.testCases.GrcLogin@19932c16]" started-at="2025-02-03T18:35:44 IST" name="teardown" finished-at="2025-02-03T18:35:45 IST" duration-ms="1117" status="PASS">
          <reporter-output>
          </reporter-output>
        </test-method> <!-- teardown -->
      </class> <!-- austin.testCases.GrcLogin -->
      <class name="austin.testCases.InvestigatorLogin">
        <test-method is-config="true" signature="setup()[pri:0, instance:austin.testCases.InvestigatorLogin@4082ba93]" started-at="2025-02-03T18:35:22 IST" name="setup" finished-at="2025-02-03T18:35:29 IST" duration-ms="6872" status="PASS">
          <reporter-output>
          </reporter-output>
        </test-method> <!-- setup -->
        <test-method signature="login()[pri:0, instance:austin.testCases.InvestigatorLogin@4082ba93]" started-at="2025-02-03T18:35:29 IST" name="login" finished-at="2025-02-03T18:35:33 IST" duration-ms="4194" status="PASS">
          <reporter-output>
          </reporter-output>
        </test-method> <!-- login -->
        <test-method is-config="true" signature="teardown()[pri:0, instance:austin.testCases.InvestigatorLogin@4082ba93]" started-at="2025-02-03T18:35:33 IST" name="teardown" finished-at="2025-02-03T18:35:34 IST" duration-ms="1179" status="PASS">
          <reporter-output>
          </reporter-output>
        </test-method> <!-- teardown -->
      </class> <!-- austin.testCases.InvestigatorLogin -->
    </test> <!-- Test -->
  </suite> <!-- Suite -->
</testng-results>
