<?xml version="1.0" encoding="UTF-8"?>
<testsuite name="TestSuite" time="27.672" tests="5" errors="0" skipped="0" failures="0">
  <properties>
[...]
</properties>
  <testcase name="login" classname="austin.testCases.InvestigatorLogin" time="4.2"/>
  <testcase name="grcLogin" classname="austin.testCases.GrcLogin" time="4.143"/>
  <testcase name="adminLogin" classname="austin.testCases.AdminLogin" time="11.167"/>
  <testcase name="login" classname="austin.testCases.InitiatorLogin" time="4.096"/>
  <testcase name="researchLogin" classname="austin.testCases.ResearchLogin" time="4.066"/>
</testsuite>