<?xml version="1.0" encoding="UTF-8"?>
<testng-results ignored="0" total="1" passed="1" failed="0" skipped="0">
  <reporter-output>
  </reporter-output>
  <suite started-at="2025-02-11T12:37:03 IST" name="Default suite" finished-at="2025-02-11T12:37:24 IST" duration-ms="20427">
    <groups>
    </groups>
    <test started-at="2025-02-11T12:37:03 IST" name="Default test" finished-at="2025-02-11T12:37:24 IST" duration-ms="20427">
      <class name="austin.testCases.InvestigatorLogin">
        <test-method is-config="true" signature="setup()[pri:0, instance:austin.testCases.InvestigatorLogin@2ea6e30c]" started-at="2025-02-11T12:37:03 IST" name="setup" finished-at="2025-02-11T12:37:19 IST" duration-ms="15717" status="PASS">
          <reporter-output>
          </reporter-output>
        </test-method> <!-- setup -->
        <test-method signature="login()[pri:0, instance:austin.testCases.InvestigatorLogin@2ea6e30c]" started-at="2025-02-11T12:37:19 IST" name="login" finished-at="2025-02-11T12:37:23 IST" duration-ms="4028" status="PASS">
          <reporter-output>
          </reporter-output>
        </test-method> <!-- login -->
        <test-method is-config="true" signature="teardown()[pri:0, instance:austin.testCases.InvestigatorLogin@2ea6e30c]" started-at="2025-02-11T12:37:23 IST" name="teardown" finished-at="2025-02-11T12:37:24 IST" duration-ms="650" status="PASS">
          <reporter-output>
          </reporter-output>
        </test-method> <!-- teardown -->
      </class> <!-- austin.testCases.InvestigatorLogin -->
    </test> <!-- Default test -->
  </suite> <!-- Default suite -->
</testng-results>
