<?xml version="1.0" encoding="UTF-8"?>
<testng-results ignored="0" total="1" passed="1" failed="0" skipped="0">
  <reporter-output>
  </reporter-output>
  <suite started-at="2025-02-05T13:02:33 IST" name="Default suite" finished-at="2025-02-05T13:02:57 IST" duration-ms="24372">
    <groups>
    </groups>
    <test started-at="2025-02-05T13:02:33 IST" name="Default test" finished-at="2025-02-05T13:02:57 IST" duration-ms="24372">
      <class name="austin.testCases.AdminLogin">
        <test-method is-config="true" signature="setup()[pri:0, instance:austin.testCases.AdminLogin@2ea6e30c]" started-at="2025-02-05T13:02:33 IST" name="setup" finished-at="2025-02-05T13:02:45 IST" duration-ms="12765" status="PASS">
          <reporter-output>
          </reporter-output>
        </test-method> <!-- setup -->
        <test-method signature="adminLogin()[pri:0, instance:austin.testCases.AdminLogin@2ea6e30c]" started-at="2025-02-05T13:02:45 IST" name="adminLogin" finished-at="2025-02-05T13:02:57 IST" duration-ms="11312" status="PASS">
          <reporter-output>
          </reporter-output>
        </test-method> <!-- adminLogin -->
        <test-method is-config="true" signature="teardown()[pri:0, instance:austin.testCases.AdminLogin@2ea6e30c]" started-at="2025-02-05T13:02:57 IST" name="teardown" finished-at="2025-02-05T13:02:57 IST" duration-ms="263" status="PASS">
          <reporter-output>
          </reporter-output>
        </test-method> <!-- teardown -->
      </class> <!-- austin.testCases.AdminLogin -->
    </test> <!-- Default test -->
  </suite> <!-- Default suite -->
</testng-results>
