<?xml version="1.0" encoding="UTF-8"?>
<!-- Generated by org.testng.reporters.JUnitXMLReporter -->
<testsuite ignored="0" hostname="DESKTOP-2FNFCHB" failures="1" tests="5" name="Test" time="214.069" errors="0" timestamp="2025-01-30T16:01:01 IST">
  <testcase classname="austin.testCases.InvestigatorLogin" name="login" time="11.587"/>
  <testcase classname="austin.testCases.GrcLogin" name="grcLogin" time="10.178"/>
  <testcase classname="austin.testCases.AdminLogin" name="adminLogin" time="14.291"/>
  <testcase classname="austin.testCases.InitiatorLogin" name="login" time="5.278"/>
  <testcase classname="austin.testCases.ResearchLogin" name="researchLogin" time="10.597">
    <failure type="java.lang.AssertionError" message="expected [true] but found [false]">
      <![CDATA[java.lang.AssertionError: expected [true] but found [false]
at austin.testCases.ResearchLogin.handleLoginFailure(ResearchLogin.java:45)
at austin.testCases.ResearchLogin.researchLogin(ResearchLogin.java:30)
at java.base/java.util.ArrayList.forEach(ArrayList.java:1596)
... Removed 29 stack frames]]>
    </failure>
  </testcase> <!-- researchLogin -->
</testsuite> <!-- Test -->
